
> rest-express@1.0.0 dev
8:57:21 AM [express] serving on port 5000s
Browserslist: browsers data (caniuse-lite) is 8 months old. Please run:
  npx update-browserslist-db@latest
  Why you should do it regularly: https://github.com/browserslist/update-db#readme
8:57:25 AM [express] GET /api/agent-configs/active 304 in 63ms :: {"id":1,"userId":1,"name":"My YouT…
8:57:26 AM [express] GET /api/status 200 in 735ms :: {"livekit":"online","openai":"connected","mcp":…
8:57:39 AM [express] GET /api/agent-configs/active 304 in 269ms :: {"id":1,"userId":1,"name":"My You…
8:57:40 AM [express] GET /api/status 200 in 1265ms :: {"livekit":"online","openai":"connected","mcp"…
8:57:43 AM [express] POST /api/livekit/rooms 201 in 712ms :: {"sid":"RM_JnUCuo7hmH6D","name":"voice_…
8:57:43 AM [express] POST /api/livekit/token 200 in 1ms :: {"token":"eyJhbGciOiJIUzI1NiJ9.eyJ2aWRlby…
8:57:43 AM [express] GET /api/livekit/url 304 in 0ms :: {"url":"wss://test-project-eg4kodos.livekit.…
8:57:44 AM [express] GET /api/conversations 200 in 7ms
Starting Python LiveKit agent for room: voice_agent_session_1749805059735_ue9s4nevt
Python LiveKit agent started for room voice_agent_session_1749805059735_ue9s4nevt
Agent stderr: Traceback (most recent call last):
  File "/home/runner/workspace/.pythonlibs/lib/python3.11/site-packages/livekit/agents/llm/mcp.py", line 15, in <module>

Agent stderr:     from mcp import ClientSession, stdio_client
ModuleNotFoundError: No module named 'mcp'

The above exception was the direct cause of the following exception:

Traceback (most recent call last):
  File "/home/runner/workspace/agent.py", line 4, in <module>
    from livekit.agents import (
  File "/home/runner/workspace/.pythonlibs/lib/python3.11/site-packages/livekit/agents/__init__.py", line 91, in __getattr__
    from .llm import mcp
  File "/home/runner/workspace/.pythonlibs/lib/python3.11/site-packages/livekit/agents/llm/mcp.py", line 21, in <module>
    raise ImportError(
ImportError: The 'mcp' package is required to run the MCP server integration but is not installed.
To fix this, install the optional dependency: pip install 'livekit-agents[mcp]'

Agent process exited with code 1
8:58:10 AM [express] GET /api/status 200 in 451ms :: {"livekit":"online","openai":"connected","mcp":…
8:58:11 AM [express] GET /api/mcp/servers 304 in 59ms :: [{"id":9,"userId":1,"name":"internet access…
8:58:12 AM [express] GET /api/mcp/servers 304 in 59ms :: [{"id":9,"userId":1,"name":"internet access…
8:58:19 AM [express] GET /api/mcp/servers 304 in 59ms :: [{"id":9,"userId":1,"name":"internet access…
8:58:21 AM [express] GET /api/status 200 in 657ms :: {"livekit":"online","openai":"connected","mcp":…
8:58:58 AM [express] GET /api/status 200 in 1414ms :: {"livekit":"online","openai":"connected","mcp"…
8:59:29 AM [express] GET /api/status 200 in 469ms :: {"livekit":"online","openai":"connected","mcp":…
8:59:59 AM [express] GET /api/status 200 in 426ms :: {"livekit":"online","openai":"connected","mcp":…
9:00:30 AM [express] GET /api/status 200 in 478ms :: {"livekit":"online","openai":"connected","mcp":…